0 info it worked if it ends with ok
1 verbose cli [ '/usr/local/bin/node', '/usr/local/bin/npm', 'i', 'bodyParser' ]
2 info using npm@2.14.2
3 info using node@v4.0.0
4 verbose install initial load of /home/wp2015/users/yawei0102/project/package.json
5 verbose installManyTop reading scoped package data from /home/wp2015/users/yawei0102/project/node_modules/blog/package.json
6 verbose installManyTop reading scoped package data from /home/wp2015/users/yawei0102/project/node_modules/body-parser/package.json
7 verbose installManyTop reading scoped package data from /home/wp2015/users/yawei0102/project/node_modules/express/package.json
8 verbose installManyTop reading scoped package data from /home/wp2015/users/yawei0102/project/node_modules/mongodb/package.json
9 verbose installManyTop reading scoped package data from /home/wp2015/users/yawei0102/project/node_modules/npm-debug.log/package.json
10 verbose readDependencies loading dependencies from /home/wp2015/users/yawei0102/project/package.json
11 silly cache add args [ 'bodyParser', null ]
12 verbose cache add spec bodyParser
13 silly cache add parsed spec Result {
13 silly cache add   raw: 'bodyParser',
13 silly cache add   scope: null,
13 silly cache add   name: 'bodyParser',
13 silly cache add   rawSpec: '',
13 silly cache add   spec: '*',
13 silly cache add   type: 'range' }
14 silly addNamed bodyParser@*
15 verbose addNamed "*" is a valid semver range for bodyParser
16 silly addNameRange { name: 'bodyParser', range: '*', hasData: false }
17 silly mapToRegistry name bodyParser
18 silly mapToRegistry using default registry
19 silly mapToRegistry registry https://registry.npmjs.org/
20 silly mapToRegistry uri https://registry.npmjs.org/bodyParser
21 verbose addNameRange registry:https://registry.npmjs.org/bodyParser not in flight; fetching
22 verbose request uri https://registry.npmjs.org/bodyParser
23 verbose request no auth needed
24 info attempt registry request try #1 at 17:29:13
25 verbose request id 951de10fbbd215dc
26 http request GET https://registry.npmjs.org/bodyParser
27 http 404 https://registry.npmjs.org/bodyParser
28 verbose headers { 'content-type': 'application/json',
28 verbose headers   'cache-control': 'max-age=0',
28 verbose headers   'content-length': '2',
28 verbose headers   'accept-ranges': 'bytes',
28 verbose headers   date: 'Fri, 20 Nov 2015 09:31:44 GMT',
28 verbose headers   via: '1.1 varnish',
28 verbose headers   age: '0',
28 verbose headers   connection: 'keep-alive',
28 verbose headers   'x-served-by': 'cache-sjc3127-SJC',
28 verbose headers   'x-cache': 'MISS',
28 verbose headers   'x-cache-hits': '0',
28 verbose headers   'x-timer': 'S1448011904.480856,VS0,VE158' }
29 silly get cb [ 404,
29 silly get   { 'content-type': 'application/json',
29 silly get     'cache-control': 'max-age=0',
29 silly get     'content-length': '2',
29 silly get     'accept-ranges': 'bytes',
29 silly get     date: 'Fri, 20 Nov 2015 09:31:44 GMT',
29 silly get     via: '1.1 varnish',
29 silly get     age: '0',
29 silly get     connection: 'keep-alive',
29 silly get     'x-served-by': 'cache-sjc3127-SJC',
29 silly get     'x-cache': 'MISS',
29 silly get     'x-cache-hits': '0',
29 silly get     'x-timer': 'S1448011904.480856,VS0,VE158' } ]
30 verbose stack Error: Registry returned 404 for GET on https://registry.npmjs.org/bodyParser
30 verbose stack     at makeError (/usr/local/lib/node_modules/npm/node_modules/npm-registry-client/lib/request.js:263:12)
30 verbose stack     at CachingRegistryClient.<anonymous> (/usr/local/lib/node_modules/npm/node_modules/npm-registry-client/lib/request.js:241:14)
30 verbose stack     at Request._callback (/usr/local/lib/node_modules/npm/node_modules/npm-registry-client/lib/request.js:171:14)
30 verbose stack     at Request.self.callback (/usr/local/lib/node_modules/npm/node_modules/request/request.js:198:22)
30 verbose stack     at emitTwo (events.js:87:13)
30 verbose stack     at Request.emit (events.js:172:7)
30 verbose stack     at Request.<anonymous> (/usr/local/lib/node_modules/npm/node_modules/request/request.js:1073:14)
30 verbose stack     at emitOne (events.js:82:20)
30 verbose stack     at Request.emit (events.js:169:7)
30 verbose stack     at IncomingMessage.<anonymous> (/usr/local/lib/node_modules/npm/node_modules/request/request.js:1019:12)
31 verbose statusCode 404
32 verbose pkgid bodyParser
33 verbose cwd /home/wp2015/users/yawei0102/project
34 error Linux 3.13.0-63-generic
35 error argv "/usr/local/bin/node" "/usr/local/bin/npm" "i" "bodyParser"
36 error node v4.0.0
37 error npm  v2.14.2
38 error code E404
39 error 404 Registry returned 404 for GET on https://registry.npmjs.org/bodyParser
39 error 404
39 error 404 'bodyParser' is not in the npm registry.
39 error 404 Your package name is not valid, because
39 error 404
39 error 404  1. name can no longer contain capital letters
39 error 404
39 error 404 Note that you can also install from a
39 error 404 tarball, folder, http url, or git url.
40 verbose exit [ 1, true ]
